Arguments: 
  D:\Program Files\nodejs\node.exe C:\Program Files (x86)\Yarn\bin\yarn.js add react react-dom

PATH: 
  C:\Program Files (x86)\Intel\iCLS Client\;C:\Program Files\Intel\iCLS Client\;C:\Windows\system32;C:\Windows;C:\Windows\System32\Wbem;C:\Windows\System32\WindowsPowerShell\v1.0\;C:\Program Files (x86)\NVIDIA Corporation\PhysX\Common;C:\Program Files (x86)\Intel\Intel(R) Management Engine Components\DAL;C:\Program Files\Intel\Intel(R) Management Engine Components\DAL;C:\Program Files (x86)\Intel\Intel(R) Management Engine Components\IPT;C:\Program Files\Intel\Intel(R) Management Engine Components\IPT;C:\WINDOWS\system32;C:\WINDOWS;C:\WINDOWS\System32\Wbem;C:\WINDOWS\System32\WindowsPowerShell\v1.0\;d:\Program Files\Microsoft VS Code\bin;C:\WINDOWS\System32\OpenSSH\;d:\Program Files\Git\cmd;C:\Program Files (x86)\Yarn\bin;D:\Program Files\nodejs\;C:\Users\lenovo\AppData\Local\Microsoft\WindowsApps;d:\Program Files\Microsoft VS Code\bin;C:\Users\lenovo\AppData\Local\Yarn\bin;C:\Users\lenovo\AppData\Roaming\npm

Yarn version: 
  1.3.2

Node version: 
  10.15.1

Platform: 
  win32 x64

npm manifest: 
  {
    "name": "myproject",
    "version": "1.0.0",
    "description": "",
    "main": "index.js",
    "scripts": {
      "dev": "webpack-dev-server --config webpack.config.dev.js --open --content-base ./dist",
      "build": "webpack -p",
      "start": "npm run dev",
      "test": "启动测试"
    },
    "keywords": [],
    "author": "",
    "license": "ISC",
    "devDependencies": {
      "babel-core": "^6.26.3",
      "babel-loader": "^7.1.2",
      "babel-preset-es2015": "^6.24.1",
      "babel-preset-react": "^6.24.1",
      "clean-webpack-plugin": "^1.0.0",
      "css-loader": "^2.1.0",
      "file-loader": "^3.0.1",
      "html-webpack-plugin": "^3.2.0",
      "less": "^3.9.0",
      "less-loader": "^4.1.0",
      "style-loader": "^0.23.1",
      "url-loader": "^1.1.2",
      "webpack": "^3.10.0",
      "webpack-dev-server": "^2.11.1"
    },
    "dependencies": {
      "bootstrap": "^3.3.7",
      "react": "^15.4.2",
      "react-dom": "^15.4.2"
    }
  }

yarn manifest: 
  No manifest

Lockfile: 
  No lockfile

Trace: 
  Error: ENOENT: no such file or directory, copyfile 'C:\Users\lenovo\AppData\Local\Yarn\cache\v1\npm-inherits-2.0.1-b17d08d326b4423e568eff719f91b0b1cbdf69f1\package.json' -> 'D:\myproject\node_modules\assert\node_modules\inherits\package.json'
